# JRE version: OpenJDK Runtime Environment (21.0.5) (build 21.0.5+-13047016-b750.29)
# Java VM: OpenJDK 64-Bit Server VM (21.0.5+-13047016-b750.29, mixed mode, tiered, compressed oops, compressed class ptrs, g1 gc, windows-amd64)
GC Precious Log:
 CardTable entry size: 512
 Card Set container configuration: InlinePtr #cards 5 size 8 Array Of Cards #cards 12 size 40 Howl #buckets 4 coarsen threshold 1843 Howl Bitmap #cards 512 size 80 coarsen threshold 460 Card regions per heap region 1 cards per card region 2048
 CPUs: 8 total, 8 available
 Memory: 16177M
 Large Page Support: Disabled
 NUMA Support: Disabled
 Compressed Oops: Enabled (32-bit)
 Heap Region Size: 1M
 Heap Min Capacity: 8M
 Heap Initial Capacity: 254M
 Heap Max Capacity: 2G
 Pre-touch: Disabled
 Parallel Workers: 8
 Concurrent Workers: 2
 Concurrent Refinement Workers: 8
 Periodic GC: Disabled
Heap:
 garbage-first heap   total 104448K, used 89552K [0x0000000080000000, 0x0000000100000000)
  region size 1024K, 28 young (28672K), 4 survivors (4096K)
 Metaspace       used 80005K, committed 81856K, reserved 1179648K
  class space    used 10786K, committed 11712K, reserved 1048576K
GC Heap History (20 events):
Event: 62.731 GC heap before
{Heap before GC invocations=20 (full 0):
 garbage-first heap   total 79872K, used 68509K [0x0000000080000000, 0x0000000100000000)
  region size 1024K, 28 young (28672K), 4 survivors (4096K)
 Metaspace       used 66553K, committed 68224K, reserved 1114112K
  class space    used 9040K, committed 9856K, reserved 1048576K
}
Event: 62.736 GC heap after
{Heap after GC invocations=21 (full 0):
 garbage-first heap   total 79872K, used 45394K [0x0000000080000000, 0x0000000100000000)
  region size 1024K, 3 young (3072K), 3 survivors (3072K)
 Metaspace       used 66553K, committed 68224K, reserved 1114112K
  class space    used 9040K, committed 9856K, reserved 1048576K
}
Event: 64.791 GC heap before
{Heap before GC invocations=21 (full 0):
 garbage-first heap   total 79872K, used 69970K [0x0000000080000000, 0x0000000100000000)
  region size 1024K, 28 young (28672K), 3 survivors (3072K)
 Metaspace       used 66667K, committed 68352K, reserved 1114112K
  class space    used 9040K, committed 9856K, reserved 1048576K
}
Event: 64.793 GC heap after
{Heap after GC invocations=22 (full 0):
 garbage-first heap   total 79872K, used 45557K [0x0000000080000000, 0x0000000100000000)
  region size 1024K, 3 young (3072K), 3 survivors (3072K)
 Metaspace       used 66667K, committed 68352K, reserved 1114112K
  class space    used 9040K, committed 9856K, reserved 1048576K
}
Event: 65.822 GC heap before
{Heap before GC invocations=22 (full 0):
 garbage-first heap   total 79872K, used 70133K [0x0000000080000000, 0x0000000100000000)
  region size 1024K, 28 young (28672K), 3 survivors (3072K)
 Metaspace       used 66681K, committed 68352K, reserved 1114112K
  class space    used 9041K, committed 9856K, reserved 1048576K
}
Event: 65.827 GC heap after
{Heap after GC invocations=23 (full 0):
 garbage-first heap   total 79872K, used 46202K [0x0000000080000000, 0x0000000100000000)
  region size 1024K, 3 young (3072K), 3 survivors (3072K)
 Metaspace       used 66681K, committed 68352K, reserved 1114112K
  class space    used 9041K, committed 9856K, reserved 1048576K
}
Event: 67.464 GC heap before
{Heap before GC invocations=24 (full 0):
 garbage-first heap   total 79872K, used 69754K [0x0000000080000000, 0x0000000100000000)
  region size 1024K, 27 young (27648K), 3 survivors (3072K)
 Metaspace       used 66682K, committed 68352K, reserved 1114112K
  class space    used 9041K, committed 9856K, reserved 1048576K
}
Event: 67.468 GC heap after
{Heap after GC invocations=25 (full 0):
 garbage-first heap   total 79872K, used 46668K [0x0000000080000000, 0x0000000100000000)
  region size 1024K, 3 young (3072K), 3 survivors (3072K)
 Metaspace       used 66682K, committed 68352K, reserved 1114112K
  class space    used 9041K, committed 9856K, reserved 1048576K
}
Event: 74.924 GC heap before
{Heap before GC invocations=25 (full 0):
 garbage-first heap   total 79872K, used 76364K [0x0000000080000000, 0x0000000100000000)
  region size 1024K, 27 young (27648K), 3 survivors (3072K)
 Metaspace       used 67884K, committed 69568K, reserved 1114112K
  class space    used 9233K, committed 10048K, reserved 1048576K
}
Event: 74.934 GC heap after
{Heap after GC invocations=26 (full 0):
 garbage-first heap   total 88064K, used 56731K [0x0000000080000000, 0x0000000100000000)
  region size 1024K, 4 young (4096K), 4 survivors (4096K)
 Metaspace       used 67884K, committed 69568K, reserved 1114112K
  class space    used 9233K, committed 10048K, reserved 1048576K
}
Event: 75.502 GC heap before
{Heap before GC invocations=26 (full 0):
 garbage-first heap   total 88064K, used 62875K [0x0000000080000000, 0x0000000100000000)
  region size 1024K, 12 young (12288K), 4 survivors (4096K)
 Metaspace       used 68440K, committed 70144K, reserved 1114112K
  class space    used 9285K, committed 10112K, reserved 1048576K
}
Event: 75.505 GC heap after
{Heap after GC invocations=27 (full 0):
 garbage-first heap   total 88064K, used 57854K [0x0000000080000000, 0x0000000100000000)
  region size 1024K, 1 young (1024K), 1 survivors (1024K)
 Metaspace       used 68440K, committed 70144K, reserved 1114112K
  class space    used 9285K, committed 10112K, reserved 1048576K
}
Event: 79.021 GC heap before
{Heap before GC invocations=28 (full 0):
 garbage-first heap   total 99328K, used 78334K [0x0000000080000000, 0x0000000100000000)
  region size 1024K, 21 young (21504K), 1 survivors (1024K)
 Metaspace       used 70172K, committed 71872K, reserved 1114112K
  class space    used 9515K, committed 10368K, reserved 1048576K
}
Event: 79.022 GC heap after
{Heap after GC invocations=29 (full 0):
 garbage-first heap   total 99328K, used 59336K [0x0000000080000000, 0x0000000100000000)
  region size 1024K, 2 young (2048K), 2 survivors (2048K)
 Metaspace       used 70172K, committed 71872K, reserved 1114112K
  class space    used 9515K, committed 10368K, reserved 1048576K
}
Event: 84.391 GC heap before
{Heap before GC invocations=29 (full 0):
 garbage-first heap   total 99328K, used 88008K [0x0000000080000000, 0x0000000100000000)
  region size 1024K, 31 young (31744K), 2 survivors (2048K)
 Metaspace       used 73385K, committed 75200K, reserved 1114112K
  class space    used 9855K, committed 10752K, reserved 1048576K
}
Event: 84.399 GC heap after
{Heap after GC invocations=30 (full 0):
 garbage-first heap   total 99328K, used 59490K [0x0000000080000000, 0x0000000100000000)
  region size 1024K, 3 young (3072K), 3 survivors (3072K)
 Metaspace       used 73385K, committed 75200K, reserved 1114112K
  class space    used 9855K, committed 10752K, reserved 1048576K
}
Event: 97.191 GC heap before
{Heap before GC invocations=30 (full 0):
 garbage-first heap   total 99328K, used 88162K [0x0000000080000000, 0x0000000100000000)
  region size 1024K, 31 young (31744K), 3 survivors (3072K)
 Metaspace       used 76345K, committed 78208K, reserved 1179648K
  class space    used 10311K, committed 11200K, reserved 1048576K
}
Event: 97.202 GC heap after
{Heap after GC invocations=31 (full 0):
 garbage-first heap   total 99328K, used 61829K [0x0000000080000000, 0x0000000100000000)
  region size 1024K, 4 young (4096K), 4 survivors (4096K)
 Metaspace       used 76345K, committed 78208K, reserved 1179648K
  class space    used 10311K, committed 11200K, reserved 1048576K
}
Event: 107.746 GC heap before
{Heap before GC invocations=32 (full 0):
 garbage-first heap   total 104448K, used 92549K [0x0000000080000000, 0x0000000100000000)
  region size 1024K, 30 young (30720K), 4 survivors (4096K)
 Metaspace       used 78124K, committed 79936K, reserved 1179648K
  class space    used 10552K, committed 11456K, reserved 1048576K
}
Event: 107.750 GC heap after
{Heap after GC invocations=33 (full 0):
 garbage-first heap   total 104448K, used 66000K [0x0000000080000000, 0x0000000100000000)
  region size 1024K, 4 young (4096K), 4 survivors (4096K)
 Metaspace       used 78124K, committed 79936K, reserved 1179648K
  class space    used 10552K, committed 11456K, reserved 1048576K
}

